src-tauri/plugins/mobile-push/android/build/intermediates/manifest_merge_blame_file/debug/processDebugManifest/manifest-merger-blame-debug-report.txt
1<?xml version="1.0" encoding="utf-8"?>
2<manifest xmlns:android="http://schemas.android.com/apk/res/android"
3    package="jp.takos.mobile.push" >
4
5    <uses-sdk android:minSdkVersion="28" />
6
7    <uses-permission android:name="android.permission.POST_NOTIFICATIONS" />
7-->src/main/AndroidManifest.xml:3:5-77
7-->src/main/AndroidManifest.xml:3:22-74
8
9    <application>
9-->src/main/AndroidManifest.xml:5:5-19:19
10        <meta-data
10-->src/main/AndroidManifest.xml:6:9-8:36
11            android:name="firebase_messaging_installation_id_enabled"
11-->src/main/AndroidManifest.xml:7:13-70
12            android:value="true" />
12-->src/main/AndroidManifest.xml:8:13-33
13        <meta-data
13-->src/main/AndroidManifest.xml:9:9-11:37
14            android:name="firebase_messaging_auto_init_enabled"
14-->src/main/AndroidManifest.xml:10:13-64
15            android:value="false" />
15-->src/main/AndroidManifest.xml:11:13-34
16
17        <service
17-->src/main/AndroidManifest.xml:12:9-18:19
18            android:name="jp.takos.mobile.push.TakosFirebaseMessagingService"
18-->src/main/AndroidManifest.xml:13:13-78
19            android:exported="false" >
19-->src/main/AndroidManifest.xml:14:13-37
20            <intent-filter>
20-->src/main/AndroidManifest.xml:15:13-17:29
21                <action android:name="com.google.firebase.MESSAGING_EVENT" />
21-->src/main/AndroidManifest.xml:16:17-78
21-->src/main/AndroidManifest.xml:16:25-75
22            </intent-filter>
23        </service>
24    </application>
25
26</manifest>